 2022-01-07 22-32-47 
                                     
Error code: Exception. 
                                     
Error message: SQLSTATE[42S22]: Column not found: 1054 Unknown column 'user' in 'field list',  
                                     
in file: D:\OpenServer\domains\mvc.framework.com\app\lib\rb-mysql.php, on line: D:\OpenServer\domains\mvc.framework.com\app\lib\rb-mysql.php 
                                     
<----------------------------------------------------------------------->
 2022-01-07 22-34-58 
                                     
Error code: Exception. 
                                     
Error message: Page not found,  
                                     
in file: D:\OpenServer\domains\mvc.framework.com\app\core\Router.php, on line: D:\OpenServer\domains\mvc.framework.com\app\core\Router.php 
                                     
<----------------------------------------------------------------------->
 2022-01-07 22-35-02 
                                     
Error code: Exception. 
                                     
Error message: Page not found,  
                                     
in file: D:\OpenServer\domains\mvc.framework.com\app\core\Router.php, on line: D:\OpenServer\domains\mvc.framework.com\app\core\Router.php 
                                     
<----------------------------------------------------------------------->
 2022-01-07 22-35-11 
                                     
Error code: Exception. 
                                     
Error message: Page not found,  
                                     
in file: D:\OpenServer\domains\mvc.framework.com\app\core\Router.php, on line: D:\OpenServer\domains\mvc.framework.com\app\core\Router.php 
                                     
<----------------------------------------------------------------------->
 2022-01-07 22-35-15 
                                     
Error code: Exception. 
                                     
Error message: Page not found,  
                                     
in file: D:\OpenServer\domains\mvc.framework.com\app\core\Router.php, on line: D:\OpenServer\domains\mvc.framework.com\app\core\Router.php 
                                     
<----------------------------------------------------------------------->
 2022-01-07 22-36-07 
                                     
Error code: Exception. 
                                     
Error message: Page not found,  
                                     
in file: D:\OpenServer\domains\mvc.framework.com\app\core\Router.php, on line: D:\OpenServer\domains\mvc.framework.com\app\core\Router.php 
                                     
<----------------------------------------------------------------------->
 2022-01-07 22-36-12 
                                     
Error code: Exception. 
                                     
Error message: Page not found,  
                                     
in file: D:\OpenServer\domains\mvc.framework.com\app\core\Router.php, on line: D:\OpenServer\domains\mvc.framework.com\app\core\Router.php 
                                     
<----------------------------------------------------------------------->
 2022-01-07 22-37-18 
                                     
Error code: 2. 
                                     
Error message: Undefined variable $post,  
                                     
in file: D:\OpenServer\domains\mvc.framework.com\app\view\main\single.php, on line: 4 
                                     
<----------------------------------------------------------------------->
 2022-01-07 22-37-23 
                                     
Error code: 2. 
                                     
Error message: Undefined variable $post,  
                                     
in file: D:\OpenServer\domains\mvc.framework.com\app\view\main\single.php, on line: 4 
                                     
<----------------------------------------------------------------------->
 2022-01-07 22-37-31 
                                     
Error code: 2. 
                                     
Error message: Undefined variable $post,  
                                     
in file: D:\OpenServer\domains\mvc.framework.com\app\view\main\single.php, on line: 4 
                                     
<----------------------------------------------------------------------->
 2022-01-07 22-37-35 
                                     
Error code: 2. 
                                     
Error message: Undefined variable $post,  
                                     
in file: D:\OpenServer\domains\mvc.framework.com\app\view\main\single.php, on line: 4 
                                     
<----------------------------------------------------------------------->
 2022-01-07 22-37-58 
                                     
Error code: Exception. 
                                     
Error message: Page not found,  
                                     
in file: D:\OpenServer\domains\mvc.framework.com\app\core\Router.php, on line: D:\OpenServer\domains\mvc.framework.com\app\core\Router.php 
                                     
<----------------------------------------------------------------------->
 2022-01-07 22-38-02 
                                     
Error code: Exception. 
                                     
Error message: Page not found,  
                                     
in file: D:\OpenServer\domains\mvc.framework.com\app\core\Router.php, on line: D:\OpenServer\domains\mvc.framework.com\app\core\Router.php 
                                     
<----------------------------------------------------------------------->
 2022-01-07 22-38-21 
                                     
Error code: 2. 
                                     
Error message: Undefined variable $post,  
                                     
in file: D:\OpenServer\domains\mvc.framework.com\app\view\main\single.php, on line: 4 
                                     
<----------------------------------------------------------------------->
 2022-01-07 22-38-36 
                                     
Error code: 2. 
                                     
Error message: Undefined variable $post,  
                                     
in file: D:\OpenServer\domains\mvc.framework.com\app\view\main\single.php, on line: 4 
                                     
<----------------------------------------------------------------------->
 2022-01-07 22-50-26 
                                     
Error code: 2. 
                                     
Error message: Undefined variable $comments,  
                                     
in file: D:\OpenServer\domains\mvc.framework.com\app\view\admin\comments\index.php, on line: 25 
                                     
<----------------------------------------------------------------------->
 2022-01-07 23-00-59 
                                     
Error code: 2. 
                                     
Error message: Undefined variable $post,  
                                     
in file: D:\OpenServer\domains\mvc.framework.com\app\view\main\single.php, on line: 4 
                                     
<----------------------------------------------------------------------->
 2022-01-07 23-09-40 
                                     
Error code: 1. 
                                     
Error message: Uncaught TypeError: app\core\ErrorHelper::exceptionHandler(): Argument #1 ($e) must be of type Exception, Error given in D:\OpenServer\domains\mvc.framework.com\app\core\ErrorHelper.php:39
Stack trace:
#0 [internal function]: app\core\ErrorHelper->exceptionHandler()
#1 {main}
  thrown,  
                                     
in file: D:\OpenServer\domains\mvc.framework.com\app\core\ErrorHelper.php, on line: 39 
                                     
<----------------------------------------------------------------------->
 2022-01-07 23-09-53 
                                     
Error code: 1. 
                                     
Error message: Uncaught TypeError: app\core\ErrorHelper::exceptionHandler(): Argument #1 ($e) must be of type Exception, Error given in D:\OpenServer\domains\mvc.framework.com\app\core\ErrorHelper.php:39
Stack trace:
#0 [internal function]: app\core\ErrorHelper->exceptionHandler()
#1 {main}
  thrown,  
                                     
in file: D:\OpenServer\domains\mvc.framework.com\app\core\ErrorHelper.php, on line: 39 
                                     
<----------------------------------------------------------------------->
 2022-01-07 23-10-19 
                                     
Error code: 1. 
                                     
Error message: Uncaught TypeError: app\core\ErrorHelper::exceptionHandler(): Argument #1 ($e) must be of type Exception, Error given in D:\OpenServer\domains\mvc.framework.com\app\core\ErrorHelper.php:39
Stack trace:
#0 [internal function]: app\core\ErrorHelper->exceptionHandler()
#1 {main}
  thrown,  
                                     
in file: D:\OpenServer\domains\mvc.framework.com\app\core\ErrorHelper.php, on line: 39 
                                     
<----------------------------------------------------------------------->
 2022-01-08 22-47-25 
                                     
Error code: Exception. 
                                     
Error message: Page not found,  
                                     
in file: D:\OpenServer\domains\mvc.framework.com\app\core\Router.php, on line: D:\OpenServer\domains\mvc.framework.com\app\core\Router.php 
                                     
<----------------------------------------------------------------------->
 2022-01-08 22-47-34 
                                     
Error code: Exception. 
                                     
Error message: Page not found,  
                                     
in file: D:\OpenServer\domains\mvc.framework.com\app\core\Router.php, on line: D:\OpenServer\domains\mvc.framework.com\app\core\Router.php 
                                     
<----------------------------------------------------------------------->
 2022-01-08 22-47-42 
                                     
Error code: Exception. 
                                     
Error message: Page not found,  
                                     
in file: D:\OpenServer\domains\mvc.framework.com\app\core\Router.php, on line: D:\OpenServer\domains\mvc.framework.com\app\core\Router.php 
                                     
<----------------------------------------------------------------------->
 2022-01-08 22-48-17 
                                     
Error code: Exception. 
                                     
Error message: Page not found,  
                                     
in file: D:\OpenServer\domains\mvc.framework.com\app\core\Router.php, on line: D:\OpenServer\domains\mvc.framework.com\app\core\Router.php 
                                     
<----------------------------------------------------------------------->
 2022-01-08 22-48-28 
                                     
Error code: Exception. 
                                     
Error message: Page not found,  
                                     
in file: D:\OpenServer\domains\mvc.framework.com\app\core\Router.php, on line: D:\OpenServer\domains\mvc.framework.com\app\core\Router.php 
                                     
<----------------------------------------------------------------------->
 2022-01-08 23-32-03 
                                     
Error code: 1. 
                                     
Error message: Uncaught TypeError: app\core\ErrorHelper::exceptionHandler(): Argument #1 ($e) must be of type Exception, ArgumentCountError given in D:\OpenServer\domains\mvc.framework.com\app\core\ErrorHelper.php:39
Stack trace:
#0 [internal function]: app\core\ErrorHelper->exceptionHandler()
#1 {main}
  thrown,  
                                     
in file: D:\OpenServer\domains\mvc.framework.com\app\core\ErrorHelper.php, on line: 39 
                                     
<----------------------------------------------------------------------->
 2022-01-08 23-33-15 
                                     
Error code: 1. 
                                     
Error message: Uncaught TypeError: app\core\ErrorHelper::exceptionHandler(): Argument #1 ($e) must be of type Exception, ArgumentCountError given in D:\OpenServer\domains\mvc.framework.com\app\core\ErrorHelper.php:39
Stack trace:
#0 [internal function]: app\core\ErrorHelper->exceptionHandler()
#1 {main}
  thrown,  
                                     
in file: D:\OpenServer\domains\mvc.framework.com\app\core\ErrorHelper.php, on line: 39 
                                     
<----------------------------------------------------------------------->
 2022-01-08 23-35-15 
                                     
Error code: 1. 
                                     
Error message: Uncaught TypeError: app\core\ErrorHelper::exceptionHandler(): Argument #1 ($e) must be of type Exception, ArgumentCountError given in D:\OpenServer\domains\mvc.framework.com\app\core\ErrorHelper.php:39
Stack trace:
#0 [internal function]: app\core\ErrorHelper->exceptionHandler()
#1 {main}
  thrown,  
                                     
in file: D:\OpenServer\domains\mvc.framework.com\app\core\ErrorHelper.php, on line: 39 
                                     
<----------------------------------------------------------------------->
 2022-01-08 23-38-27 
                                     
Error code: 1. 
                                     
Error message: Uncaught TypeError: app\core\ErrorHelper::exceptionHandler(): Argument #1 ($e) must be of type Exception, ArgumentCountError given in D:\OpenServer\domains\mvc.framework.com\app\core\ErrorHelper.php:39
Stack trace:
#0 [internal function]: app\core\ErrorHelper->exceptionHandler()
#1 {main}
  thrown,  
                                     
in file: D:\OpenServer\domains\mvc.framework.com\app\core\ErrorHelper.php, on line: 39 
                                     
<----------------------------------------------------------------------->
 2022-01-08 23-40-00 
                                     
Error code: 1. 
                                     
Error message: Uncaught TypeError: app\core\ErrorHelper::exceptionHandler(): Argument #1 ($e) must be of type Exception, ArgumentCountError given in D:\OpenServer\domains\mvc.framework.com\app\core\ErrorHelper.php:39
Stack trace:
#0 [internal function]: app\core\ErrorHelper->exceptionHandler()
#1 {main}
  thrown,  
                                     
in file: D:\OpenServer\domains\mvc.framework.com\app\core\ErrorHelper.php, on line: 39 
                                     
<----------------------------------------------------------------------->
 2022-01-08 23-40-18 
                                     
Error code: 1. 
                                     
Error message: Uncaught TypeError: app\core\ErrorHelper::exceptionHandler(): Argument #1 ($e) must be of type Exception, ArgumentCountError given in D:\OpenServer\domains\mvc.framework.com\app\core\ErrorHelper.php:39
Stack trace:
#0 [internal function]: app\core\ErrorHelper->exceptionHandler()
#1 {main}
  thrown,  
                                     
in file: D:\OpenServer\domains\mvc.framework.com\app\core\ErrorHelper.php, on line: 39 
                                     
<----------------------------------------------------------------------->
 2022-01-08 23-42-39 
                                     
Error code: 1. 
                                     
Error message: Uncaught TypeError: app\core\ErrorHelper::exceptionHandler(): Argument #1 ($e) must be of type Exception, ArgumentCountError given in D:\OpenServer\domains\mvc.framework.com\app\core\ErrorHelper.php:39
Stack trace:
#0 [internal function]: app\core\ErrorHelper->exceptionHandler()
#1 {main}
  thrown,  
                                     
in file: D:\OpenServer\domains\mvc.framework.com\app\core\ErrorHelper.php, on line: 39 
                                     
<----------------------------------------------------------------------->
 2022-01-08 23-43-17 
                                     
Error code: 1. 
                                     
Error message: Uncaught TypeError: app\core\ErrorHelper::exceptionHandler(): Argument #1 ($e) must be of type Exception, ArgumentCountError given in D:\OpenServer\domains\mvc.framework.com\app\core\ErrorHelper.php:39
Stack trace:
#0 [internal function]: app\core\ErrorHelper->exceptionHandler()
#1 {main}
  thrown,  
                                     
in file: D:\OpenServer\domains\mvc.framework.com\app\core\ErrorHelper.php, on line: 39 
                                     
<----------------------------------------------------------------------->
 2022-01-08 23-43-42 
                                     
Error code: 1. 
                                     
Error message: Uncaught TypeError: app\core\ErrorHelper::exceptionHandler(): Argument #1 ($e) must be of type Exception, ArgumentCountError given in D:\OpenServer\domains\mvc.framework.com\app\core\ErrorHelper.php:39
Stack trace:
#0 [internal function]: app\core\ErrorHelper->exceptionHandler()
#1 {main}
  thrown,  
                                     
in file: D:\OpenServer\domains\mvc.framework.com\app\core\ErrorHelper.php, on line: 39 
                                     
<----------------------------------------------------------------------->
 2022-01-08 23-44-02 
                                     
Error code: 1. 
                                     
Error message: Uncaught TypeError: app\core\ErrorHelper::exceptionHandler(): Argument #1 ($e) must be of type Exception, ArgumentCountError given in D:\OpenServer\domains\mvc.framework.com\app\core\ErrorHelper.php:39
Stack trace:
#0 [internal function]: app\core\ErrorHelper->exceptionHandler()
#1 {main}
  thrown,  
                                     
in file: D:\OpenServer\domains\mvc.framework.com\app\core\ErrorHelper.php, on line: 39 
                                     
<----------------------------------------------------------------------->
 2022-01-08 23-44-04 
                                     
Error code: 1. 
                                     
Error message: Uncaught TypeError: app\core\ErrorHelper::exceptionHandler(): Argument #1 ($e) must be of type Exception, ArgumentCountError given in D:\OpenServer\domains\mvc.framework.com\app\core\ErrorHelper.php:39
Stack trace:
#0 [internal function]: app\core\ErrorHelper->exceptionHandler()
#1 {main}
  thrown,  
                                     
in file: D:\OpenServer\domains\mvc.framework.com\app\core\ErrorHelper.php, on line: 39 
                                     
<----------------------------------------------------------------------->
 2022-01-08 23-45-17 
                                     
Error code: 1. 
                                     
Error message: Uncaught TypeError: app\core\ErrorHelper::exceptionHandler(): Argument #1 ($e) must be of type Exception, ArgumentCountError given in D:\OpenServer\domains\mvc.framework.com\app\core\ErrorHelper.php:39
Stack trace:
#0 [internal function]: app\core\ErrorHelper->exceptionHandler()
#1 {main}
  thrown,  
                                     
in file: D:\OpenServer\domains\mvc.framework.com\app\core\ErrorHelper.php, on line: 39 
                                     
<----------------------------------------------------------------------->
 2022-01-08 23-47-21 
                                     
Error code: 1. 
                                     
Error message: Uncaught TypeError: app\core\ErrorHelper::exceptionHandler(): Argument #1 ($e) must be of type Exception, ArgumentCountError given in D:\OpenServer\domains\mvc.framework.com\app\core\ErrorHelper.php:39
Stack trace:
#0 [internal function]: app\core\ErrorHelper->exceptionHandler()
#1 {main}
  thrown,  
                                     
in file: D:\OpenServer\domains\mvc.framework.com\app\core\ErrorHelper.php, on line: 39 
                                     
<----------------------------------------------------------------------->
 2022-01-08 23-48-55 
                                     
Error code: 1. 
                                     
Error message: Uncaught TypeError: app\core\ErrorHelper::exceptionHandler(): Argument #1 ($e) must be of type Exception, ArgumentCountError given in D:\OpenServer\domains\mvc.framework.com\app\core\ErrorHelper.php:39
Stack trace:
#0 [internal function]: app\core\ErrorHelper->exceptionHandler()
#1 {main}
  thrown,  
                                     
in file: D:\OpenServer\domains\mvc.framework.com\app\core\ErrorHelper.php, on line: 39 
                                     
<----------------------------------------------------------------------->
 2022-01-08 23-49-27 
                                     
Error code: 1. 
                                     
Error message: Uncaught TypeError: app\core\ErrorHelper::exceptionHandler(): Argument #1 ($e) must be of type Exception, ArgumentCountError given in D:\OpenServer\domains\mvc.framework.com\app\core\ErrorHelper.php:39
Stack trace:
#0 [internal function]: app\core\ErrorHelper->exceptionHandler()
#1 {main}
  thrown,  
                                     
in file: D:\OpenServer\domains\mvc.framework.com\app\core\ErrorHelper.php, on line: 39 
                                     
<----------------------------------------------------------------------->
 2022-01-08 23-50-01 
                                     
Error code: 1. 
                                     
Error message: Uncaught TypeError: app\core\ErrorHelper::exceptionHandler(): Argument #1 ($e) must be of type Exception, ArgumentCountError given in D:\OpenServer\domains\mvc.framework.com\app\core\ErrorHelper.php:39
Stack trace:
#0 [internal function]: app\core\ErrorHelper->exceptionHandler()
#1 {main}
  thrown,  
                                     
in file: D:\OpenServer\domains\mvc.framework.com\app\core\ErrorHelper.php, on line: 39 
                                     
<----------------------------------------------------------------------->
 2022-01-08 23-50-42 
                                     
Error code: 1. 
                                     
Error message: Uncaught TypeError: app\core\ErrorHelper::exceptionHandler(): Argument #1 ($e) must be of type Exception, ArgumentCountError given in D:\OpenServer\domains\mvc.framework.com\app\core\ErrorHelper.php:39
Stack trace:
#0 [internal function]: app\core\ErrorHelper->exceptionHandler()
#1 {main}
  thrown,  
                                     
in file: D:\OpenServer\domains\mvc.framework.com\app\core\ErrorHelper.php, on line: 39 
                                     
<----------------------------------------------------------------------->
 2022-01-08 23-50-44 
                                     
Error code: 1. 
                                     
Error message: Uncaught TypeError: app\core\ErrorHelper::exceptionHandler(): Argument #1 ($e) must be of type Exception, ArgumentCountError given in D:\OpenServer\domains\mvc.framework.com\app\core\ErrorHelper.php:39
Stack trace:
#0 [internal function]: app\core\ErrorHelper->exceptionHandler()
#1 {main}
  thrown,  
                                     
in file: D:\OpenServer\domains\mvc.framework.com\app\core\ErrorHelper.php, on line: 39 
                                     
<----------------------------------------------------------------------->
 2022-01-08 23-51-26 
                                     
Error code: 1. 
                                     
Error message: Uncaught TypeError: app\core\ErrorHelper::exceptionHandler(): Argument #1 ($e) must be of type Exception, ArgumentCountError given in D:\OpenServer\domains\mvc.framework.com\app\core\ErrorHelper.php:39
Stack trace:
#0 [internal function]: app\core\ErrorHelper->exceptionHandler()
#1 {main}
  thrown,  
                                     
in file: D:\OpenServer\domains\mvc.framework.com\app\core\ErrorHelper.php, on line: 39 
                                     
<----------------------------------------------------------------------->
 2022-01-08 23-51-28 
                                     
Error code: 1. 
                                     
Error message: Uncaught TypeError: app\core\ErrorHelper::exceptionHandler(): Argument #1 ($e) must be of type Exception, ArgumentCountError given in D:\OpenServer\domains\mvc.framework.com\app\core\ErrorHelper.php:39
Stack trace:
#0 [internal function]: app\core\ErrorHelper->exceptionHandler()
#1 {main}
  thrown,  
                                     
in file: D:\OpenServer\domains\mvc.framework.com\app\core\ErrorHelper.php, on line: 39 
                                     
<----------------------------------------------------------------------->
 2022-01-08 23-55-25 
                                     
Error code: 1. 
                                     
Error message: Uncaught TypeError: app\core\ErrorHelper::exceptionHandler(): Argument #1 ($e) must be of type Exception, ArgumentCountError given in D:\OpenServer\domains\mvc.framework.com\app\core\ErrorHelper.php:39
Stack trace:
#0 [internal function]: app\core\ErrorHelper->exceptionHandler()
#1 {main}
  thrown,  
                                     
in file: D:\OpenServer\domains\mvc.framework.com\app\core\ErrorHelper.php, on line: 39 
                                     
<----------------------------------------------------------------------->
 2022-01-08 23-56-54 
                                     
Error code: 1. 
                                     
Error message: Uncaught TypeError: app\core\ErrorHelper::exceptionHandler(): Argument #1 ($e) must be of type Exception, ArgumentCountError given in D:\OpenServer\domains\mvc.framework.com\app\core\ErrorHelper.php:39
Stack trace:
#0 [internal function]: app\core\ErrorHelper->exceptionHandler()
#1 {main}
  thrown,  
                                     
in file: D:\OpenServer\domains\mvc.framework.com\app\core\ErrorHelper.php, on line: 39 
                                     
<----------------------------------------------------------------------->
 2022-01-08 23-57-18 
                                     
Error code: 1. 
                                     
Error message: Uncaught TypeError: app\core\ErrorHelper::exceptionHandler(): Argument #1 ($e) must be of type Exception, ArgumentCountError given in D:\OpenServer\domains\mvc.framework.com\app\core\ErrorHelper.php:39
Stack trace:
#0 [internal function]: app\core\ErrorHelper->exceptionHandler()
#1 {main}
  thrown,  
                                     
in file: D:\OpenServer\domains\mvc.framework.com\app\core\ErrorHelper.php, on line: 39 
                                     
<----------------------------------------------------------------------->
 2022-01-08 23-59-11 
                                     
Error code: 1. 
                                     
Error message: Uncaught TypeError: app\core\ErrorHelper::exceptionHandler(): Argument #1 ($e) must be of type Exception, ArgumentCountError given in D:\OpenServer\domains\mvc.framework.com\app\core\ErrorHelper.php:39
Stack trace:
#0 [internal function]: app\core\ErrorHelper->exceptionHandler()
#1 {main}
  thrown,  
                                     
in file: D:\OpenServer\domains\mvc.framework.com\app\core\ErrorHelper.php, on line: 39 
                                     
<----------------------------------------------------------------------->
 2022-01-08 23-59-56 
                                     
Error code: 1. 
                                     
Error message: Uncaught TypeError: app\core\ErrorHelper::exceptionHandler(): Argument #1 ($e) must be of type Exception, ArgumentCountError given in D:\OpenServer\domains\mvc.framework.com\app\core\ErrorHelper.php:39
Stack trace:
#0 [internal function]: app\core\ErrorHelper->exceptionHandler()
#1 {main}
  thrown,  
                                     
in file: D:\OpenServer\domains\mvc.framework.com\app\core\ErrorHelper.php, on line: 39 
                                     
<----------------------------------------------------------------------->
 2022-01-09 00-00-04 
                                     
Error code: 1. 
                                     
Error message: Uncaught TypeError: app\core\ErrorHelper::exceptionHandler(): Argument #1 ($e) must be of type Exception, ArgumentCountError given in D:\OpenServer\domains\mvc.framework.com\app\core\ErrorHelper.php:39
Stack trace:
#0 [internal function]: app\core\ErrorHelper->exceptionHandler()
#1 {main}
  thrown,  
                                     
in file: D:\OpenServer\domains\mvc.framework.com\app\core\ErrorHelper.php, on line: 39 
                                     
<----------------------------------------------------------------------->
 2022-01-09 00-00-24 
                                     
Error code: 1. 
                                     
Error message: Uncaught TypeError: app\core\ErrorHelper::exceptionHandler(): Argument #1 ($e) must be of type Exception, ArgumentCountError given in D:\OpenServer\domains\mvc.framework.com\app\core\ErrorHelper.php:39
Stack trace:
#0 [internal function]: app\core\ErrorHelper->exceptionHandler()
#1 {main}
  thrown,  
                                     
in file: D:\OpenServer\domains\mvc.framework.com\app\core\ErrorHelper.php, on line: 39 
                                     
<----------------------------------------------------------------------->
 2022-01-09 00-04-23 
                                     
Error code: 1. 
                                     
Error message: Uncaught TypeError: app\core\ErrorHelper::exceptionHandler(): Argument #1 ($e) must be of type Exception, ArgumentCountError given in D:\OpenServer\domains\mvc.framework.com\app\core\ErrorHelper.php:39
Stack trace:
#0 [internal function]: app\core\ErrorHelper->exceptionHandler()
#1 {main}
  thrown,  
                                     
in file: D:\OpenServer\domains\mvc.framework.com\app\core\ErrorHelper.php, on line: 39 
                                     
<----------------------------------------------------------------------->
 2022-01-09 00-05-05 
                                     
Error code: 2. 
                                     
Error message: Undefined array key "id",  
                                     
in file: D:\OpenServer\domains\mvc.framework.com\app\controller\LikeController.php, on line: 10 
                                     
<----------------------------------------------------------------------->
 2022-01-09 00-06-01 
                                     
Error code: 1. 
                                     
Error message: Uncaught TypeError: app\core\ErrorHelper::exceptionHandler(): Argument #1 ($e) must be of type Exception, ArgumentCountError given in D:\OpenServer\domains\mvc.framework.com\app\core\ErrorHelper.php:39
Stack trace:
#0 [internal function]: app\core\ErrorHelper->exceptionHandler()
#1 {main}
  thrown,  
                                     
in file: D:\OpenServer\domains\mvc.framework.com\app\core\ErrorHelper.php, on line: 39 
                                     
<----------------------------------------------------------------------->
 2022-01-09 00-06-28 
                                     
Error code: 1. 
                                     
Error message: Uncaught TypeError: app\core\ErrorHelper::exceptionHandler(): Argument #1 ($e) must be of type Exception, ArgumentCountError given in D:\OpenServer\domains\mvc.framework.com\app\core\ErrorHelper.php:39
Stack trace:
#0 [internal function]: app\core\ErrorHelper->exceptionHandler()
#1 {main}
  thrown,  
                                     
in file: D:\OpenServer\domains\mvc.framework.com\app\core\ErrorHelper.php, on line: 39 
                                     
<----------------------------------------------------------------------->
 2022-01-09 00-06-29 
                                     
Error code: 1. 
                                     
Error message: Uncaught TypeError: app\core\ErrorHelper::exceptionHandler(): Argument #1 ($e) must be of type Exception, ArgumentCountError given in D:\OpenServer\domains\mvc.framework.com\app\core\ErrorHelper.php:39
Stack trace:
#0 [internal function]: app\core\ErrorHelper->exceptionHandler()
#1 {main}
  thrown,  
                                     
in file: D:\OpenServer\domains\mvc.framework.com\app\core\ErrorHelper.php, on line: 39 
                                     
<----------------------------------------------------------------------->
 2022-01-09 00-06-30 
                                     
Error code: 1. 
                                     
Error message: Uncaught TypeError: app\core\ErrorHelper::exceptionHandler(): Argument #1 ($e) must be of type Exception, ArgumentCountError given in D:\OpenServer\domains\mvc.framework.com\app\core\ErrorHelper.php:39
Stack trace:
#0 [internal function]: app\core\ErrorHelper->exceptionHandler()
#1 {main}
  thrown,  
                                     
in file: D:\OpenServer\domains\mvc.framework.com\app\core\ErrorHelper.php, on line: 39 
                                     
<----------------------------------------------------------------------->
 2022-01-09 00-06-30 
                                     
Error code: 1. 
                                     
Error message: Uncaught TypeError: app\core\ErrorHelper::exceptionHandler(): Argument #1 ($e) must be of type Exception, ArgumentCountError given in D:\OpenServer\domains\mvc.framework.com\app\core\ErrorHelper.php:39
Stack trace:
#0 [internal function]: app\core\ErrorHelper->exceptionHandler()
#1 {main}
  thrown,  
                                     
in file: D:\OpenServer\domains\mvc.framework.com\app\core\ErrorHelper.php, on line: 39 
                                     
<----------------------------------------------------------------------->
 2022-01-09 00-06-30 
                                     
Error code: 1. 
                                     
Error message: Uncaught TypeError: app\core\ErrorHelper::exceptionHandler(): Argument #1 ($e) must be of type Exception, ArgumentCountError given in D:\OpenServer\domains\mvc.framework.com\app\core\ErrorHelper.php:39
Stack trace:
#0 [internal function]: app\core\ErrorHelper->exceptionHandler()
#1 {main}
  thrown,  
                                     
in file: D:\OpenServer\domains\mvc.framework.com\app\core\ErrorHelper.php, on line: 39 
                                     
<----------------------------------------------------------------------->
 2022-01-09 00-06-30 
                                     
Error code: 1. 
                                     
Error message: Uncaught TypeError: app\core\ErrorHelper::exceptionHandler(): Argument #1 ($e) must be of type Exception, ArgumentCountError given in D:\OpenServer\domains\mvc.framework.com\app\core\ErrorHelper.php:39
Stack trace:
#0 [internal function]: app\core\ErrorHelper->exceptionHandler()
#1 {main}
  thrown,  
                                     
in file: D:\OpenServer\domains\mvc.framework.com\app\core\ErrorHelper.php, on line: 39 
                                     
<----------------------------------------------------------------------->
 2022-01-09 00-06-30 
                                     
Error code: 1. 
                                     
Error message: Uncaught TypeError: app\core\ErrorHelper::exceptionHandler(): Argument #1 ($e) must be of type Exception, ArgumentCountError given in D:\OpenServer\domains\mvc.framework.com\app\core\ErrorHelper.php:39
Stack trace:
#0 [internal function]: app\core\ErrorHelper->exceptionHandler()
#1 {main}
  thrown,  
                                     
in file: D:\OpenServer\domains\mvc.framework.com\app\core\ErrorHelper.php, on line: 39 
                                     
<----------------------------------------------------------------------->
 2022-01-09 00-06-30 
                                     
Error code: 1. 
                                     
Error message: Uncaught TypeError: app\core\ErrorHelper::exceptionHandler(): Argument #1 ($e) must be of type Exception, ArgumentCountError given in D:\OpenServer\domains\mvc.framework.com\app\core\ErrorHelper.php:39
Stack trace:
#0 [internal function]: app\core\ErrorHelper->exceptionHandler()
#1 {main}
  thrown,  
                                     
in file: D:\OpenServer\domains\mvc.framework.com\app\core\ErrorHelper.php, on line: 39 
                                     
<----------------------------------------------------------------------->
 2022-01-09 00-06-31 
                                     
Error code: 1. 
                                     
Error message: Uncaught TypeError: app\core\ErrorHelper::exceptionHandler(): Argument #1 ($e) must be of type Exception, ArgumentCountError given in D:\OpenServer\domains\mvc.framework.com\app\core\ErrorHelper.php:39
Stack trace:
#0 [internal function]: app\core\ErrorHelper->exceptionHandler()
#1 {main}
  thrown,  
                                     
in file: D:\OpenServer\domains\mvc.framework.com\app\core\ErrorHelper.php, on line: 39 
                                     
<----------------------------------------------------------------------->
 2022-01-09 00-06-31 
                                     
Error code: 1. 
                                     
Error message: Uncaught TypeError: app\core\ErrorHelper::exceptionHandler(): Argument #1 ($e) must be of type Exception, ArgumentCountError given in D:\OpenServer\domains\mvc.framework.com\app\core\ErrorHelper.php:39
Stack trace:
#0 [internal function]: app\core\ErrorHelper->exceptionHandler()
#1 {main}
  thrown,  
                                     
in file: D:\OpenServer\domains\mvc.framework.com\app\core\ErrorHelper.php, on line: 39 
                                     
<----------------------------------------------------------------------->
 2022-01-09 00-06-33 
                                     
Error code: 1. 
                                     
Error message: Uncaught TypeError: app\core\ErrorHelper::exceptionHandler(): Argument #1 ($e) must be of type Exception, ArgumentCountError given in D:\OpenServer\domains\mvc.framework.com\app\core\ErrorHelper.php:39
Stack trace:
#0 [internal function]: app\core\ErrorHelper->exceptionHandler()
#1 {main}
  thrown,  
                                     
in file: D:\OpenServer\domains\mvc.framework.com\app\core\ErrorHelper.php, on line: 39 
                                     
<----------------------------------------------------------------------->
 2022-01-09 00-23-18 
                                     
Error code: 2. 
                                     
Error message: Array to string conversion,  
                                     
in file: D:\OpenServer\domains\mvc.framework.com\app\lib\rb-mysql.php, on line: 6524 
                                     
<----------------------------------------------------------------------->
 2022-01-09 23-29-00 
                                     
Error code: 2. 
                                     
Error message: Undefined array key "del_id",  
                                     
in file: D:\OpenServer\domains\mvc.framework.com\app\controller\admin\CategoryController.php, on line: 53 
                                     
<----------------------------------------------------------------------->
 2022-01-09 23-37-22 
                                     
Error code: 2. 
                                     
Error message: Undefined variable $categories,  
                                     
in file: D:\OpenServer\domains\mvc.framework.com\app\view\layouts\default.php, on line: 33 
                                     
<----------------------------------------------------------------------->
 2022-01-09 23-40-10 
                                     
Error code: 2. 
                                     
Error message: Undefined variable $categories,  
                                     
in file: D:\OpenServer\domains\mvc.framework.com\app\view\layouts\default.php, on line: 33 
                                     
<----------------------------------------------------------------------->
 2022-01-09 23-48-17 
                                     
Error code: 2. 
                                     
Error message: Undefined variable $categories,  
                                     
in file: D:\OpenServer\domains\mvc.framework.com\app\view\layouts\default.php, on line: 33 
                                     
<----------------------------------------------------------------------->
 2022-01-10 00-04-44 
                                     
Error code: 2. 
                                     
Error message: Undefined variable $categories,  
                                     
in file: D:\OpenServer\domains\mvc.framework.com\app\view\layouts\default.php, on line: 33 
                                     
<----------------------------------------------------------------------->
 2022-01-10 00-05-33 
                                     
Error code: 2. 
                                     
Error message: Undefined variable $categories,  
                                     
in file: D:\OpenServer\domains\mvc.framework.com\app\view\layouts\default.php, on line: 33 
                                     
<----------------------------------------------------------------------->
 2022-01-10 00-06-14 
                                     
Error code: 2. 
                                     
Error message: Undefined variable $categories,  
                                     
in file: D:\OpenServer\domains\mvc.framework.com\app\view\layouts\default.php, on line: 33 
                                     
<----------------------------------------------------------------------->
 2022-01-10 00-08-40 
                                     
Error code: 2. 
                                     
Error message: Undefined variable $navMenu,  
                                     
in file: D:\OpenServer\domains\mvc.framework.com\app\view\layouts\default.php, on line: 33 
                                     
<----------------------------------------------------------------------->
 2022-01-10 00-08-46 
                                     
Error code: 1. 
                                     
Error message: Uncaught TypeError: app\core\ErrorHelper::exceptionHandler(): Argument #1 ($e) must be of type Exception, Error given in D:\OpenServer\domains\mvc.framework.com\app\core\ErrorHelper.php:39
Stack trace:
#0 [internal function]: app\core\ErrorHelper->exceptionHandler()
#1 {main}
  thrown,  
                                     
in file: D:\OpenServer\domains\mvc.framework.com\app\core\ErrorHelper.php, on line: 39 
                                     
<----------------------------------------------------------------------->
 2022-01-10 00-08-49 
                                     
Error code: 2. 
                                     
Error message: Undefined variable $navMenu,  
                                     
in file: D:\OpenServer\domains\mvc.framework.com\app\view\layouts\default.php, on line: 33 
                                     
<----------------------------------------------------------------------->
 2022-01-10 00-08-59 
                                     
Error code: 2. 
                                     
Error message: Undefined variable $navMenu,  
                                     
in file: D:\OpenServer\domains\mvc.framework.com\app\view\layouts\default.php, on line: 33 
                                     
<----------------------------------------------------------------------->
 2022-01-10 00-09-34 
                                     
Error code: 2. 
                                     
Error message: compact(): Undefined variable $navMenu,  
                                     
in file: D:\OpenServer\domains\mvc.framework.com\app\controller\MainController.php, on line: 41 
                                     
<----------------------------------------------------------------------->
 2022-01-10 00-09-35 
                                     
Error code: 2. 
                                     
Error message: Undefined variable $navMenu,  
                                     
in file: D:\OpenServer\domains\mvc.framework.com\app\view\layouts\default.php, on line: 33 
                                     
<----------------------------------------------------------------------->
 2022-01-10 00-10-11 
                                     
Error code: 2. 
                                     
Error message: Undefined variable $menu,  
                                     
in file: D:\OpenServer\domains\mvc.framework.com\app\view\layouts\default.php, on line: 33 
                                     
<----------------------------------------------------------------------->
 2022-01-10 00-12-16 
                                     
Error code: 2. 
                                     
Error message: Undefined variable $menu,  
                                     
in file: D:\OpenServer\domains\mvc.framework.com\app\view\layouts\default.php, on line: 33 
                                     
<----------------------------------------------------------------------->
 2022-01-10 00-12-16 
                                     
Error code: 2. 
                                     
Error message: Undefined variable $menu,  
                                     
in file: D:\OpenServer\domains\mvc.framework.com\app\view\layouts\default.php, on line: 33 
                                     
<----------------------------------------------------------------------->
 2022-01-10 00-13-22 
                                     
Error code: 2. 
                                     
Error message: Undefined variable $menu,  
                                     
in file: D:\OpenServer\domains\mvc.framework.com\app\view\layouts\default.php, on line: 33 
                                     
<----------------------------------------------------------------------->
 2022-01-10 00-46-50 
                                     
Error code: 2. 
                                     
Error message: Undefined variable $menu,  
                                     
in file: D:\OpenServer\domains\mvcblog.com\app\view\layouts\default.php, on line: 33 
                                     
<----------------------------------------------------------------------->
 2022-01-19 23-49-18 
                                     
Error code: 2. 
                                     
Error message: Undefined variable $menu,  
                                     
in file: D:\OpenServer\domains\mvcblog.com\app\view\layouts\default.php, on line: 33 
                                     
<----------------------------------------------------------------------->
 2022-01-19 23-49-22 
                                     
Error code: 2. 
                                     
Error message: Undefined variable $menu,  
                                     
in file: D:\OpenServer\domains\mvcblog.com\app\view\layouts\default.php, on line: 33 
                                     
<----------------------------------------------------------------------->
 2022-01-19 23-49-27 
                                     
Error code: 2. 
                                     
Error message: Undefined variable $menu,  
                                     
in file: D:\OpenServer\domains\mvcblog.com\app\view\layouts\default.php, on line: 33 
                                     
<----------------------------------------------------------------------->
 2022-01-19 23-49-34 
                                     
Error code: 2. 
                                     
Error message: Undefined variable $menu,  
                                     
in file: D:\OpenServer\domains\mvcblog.com\app\view\layouts\default.php, on line: 33 
                                     
<----------------------------------------------------------------------->
 2022-01-19 23-49-39 
                                     
Error code: 2. 
                                     
Error message: Undefined variable $menu,  
                                     
in file: D:\OpenServer\domains\mvcblog.com\app\view\layouts\default.php, on line: 33 
                                     
<----------------------------------------------------------------------->
 2022-01-19 23-49-41 
                                     
Error code: 2. 
                                     
Error message: Undefined variable $menu,  
                                     
in file: D:\OpenServer\domains\mvcblog.com\app\view\layouts\default.php, on line: 33 
                                     
<----------------------------------------------------------------------->
 2022-01-19 23-49-43 
                                     
Error code: 2. 
                                     
Error message: Undefined variable $menu,  
                                     
in file: D:\OpenServer\domains\mvcblog.com\app\view\layouts\default.php, on line: 33 
                                     
<----------------------------------------------------------------------->
 2022-01-22 13-13-26 
                                     
Error code: Exception. 
                                     
Error message: SQLSTATE[23000]: Integrity constraint violation: 1062 Duplicate entry '' for key 'users.login',  
                                     
in file: D:\OpenServer\domains\blog.mvc.com\app\lib\rb-mysql.php, on line: D:\OpenServer\domains\blog.mvc.com\app\lib\rb-mysql.php 
                                     
<----------------------------------------------------------------------->
 2022-01-22 13-13-51 
                                     
Error code: Exception. 
                                     
Error message: SQLSTATE[23000]: Integrity constraint violation: 1062 Duplicate entry '' for key 'users.login',  
                                     
in file: D:\OpenServer\domains\blog.mvc.com\app\lib\rb-mysql.php, on line: D:\OpenServer\domains\blog.mvc.com\app\lib\rb-mysql.php 
                                     
<----------------------------------------------------------------------->
 2022-01-22 13-23-18 
                                     
Error code: Exception. 
                                     
Error message: SQLSTATE[23000]: Integrity constraint violation: 1062 Duplicate entry '' for key 'users.login',  
                                     
in file: D:\OpenServer\domains\blog.mvc.com\app\lib\rb-mysql.php, on line: D:\OpenServer\domains\blog.mvc.com\app\lib\rb-mysql.php 
                                     
<----------------------------------------------------------------------->
 2022-01-22 13-23-35 
                                     
Error code: Exception. 
                                     
Error message: SQLSTATE[23000]: Integrity constraint violation: 1062 Duplicate entry '' for key 'users.login',  
                                     
in file: D:\OpenServer\domains\blog.mvc.com\app\lib\rb-mysql.php, on line: D:\OpenServer\domains\blog.mvc.com\app\lib\rb-mysql.php 
                                     
<----------------------------------------------------------------------->
 2022-01-22 21-39-10 
                                     
Error code: 2. 
                                     
Error message: Undefined variable $menu,  
                                     
in file: D:\OpenServer\domains\blog.mvc.com\app\view\layouts\default.php, on line: 33 
                                     
<----------------------------------------------------------------------->
 2022-01-22 21-45-38 
                                     
Error code: 2. 
                                     
Error message: Undefined variable $menu,  
                                     
in file: D:\OpenServer\domains\blog.mvc.com\app\view\layouts\default.php, on line: 33 
                                     
<----------------------------------------------------------------------->
 2022-01-22 21-45-39 
                                     
Error code: 2. 
                                     
Error message: Undefined variable $menu,  
                                     
in file: D:\OpenServer\domains\blog.mvc.com\app\view\layouts\default.php, on line: 33 
                                     
<----------------------------------------------------------------------->
 2022-01-22 21-45-40 
                                     
Error code: 2. 
                                     
Error message: Undefined variable $menu,  
                                     
in file: D:\OpenServer\domains\blog.mvc.com\app\view\layouts\default.php, on line: 33 
                                     
<----------------------------------------------------------------------->
 2022-01-22 21-45-53 
                                     
Error code: 2. 
                                     
Error message: Undefined variable $menu,  
                                     
in file: D:\OpenServer\domains\blog.mvc.com\app\view\layouts\default.php, on line: 33 
                                     
<----------------------------------------------------------------------->
 2022-01-22 21-45-54 
                                     
Error code: 2. 
                                     
Error message: Undefined variable $menu,  
                                     
in file: D:\OpenServer\domains\blog.mvc.com\app\view\layouts\default.php, on line: 33 
                                     
<----------------------------------------------------------------------->
 2022-01-22 23-38-58 
                                     
Error code: 8. 
                                     
Error message: Accessing static property app\lib\Menu::$data as non static,  
                                     
in file: D:\OpenServer\domains\blog.mvc.com\app\lib\Menu.php, on line: 25 
                                     
<----------------------------------------------------------------------->
 2022-01-22 23-39-05 
                                     
Error code: 2. 
                                     
Error message: Undefined variable $menu,  
                                     
in file: D:\OpenServer\domains\blog.mvc.com\app\view\layouts\default.php, on line: 33 
                                     
<----------------------------------------------------------------------->
 2022-01-22 23-39-08 
                                     
Error code: 8. 
                                     
Error message: Accessing static property app\lib\Menu::$data as non static,  
                                     
in file: D:\OpenServer\domains\blog.mvc.com\app\lib\Menu.php, on line: 25 
                                     
<----------------------------------------------------------------------->
 2022-01-22 23-39-45 
                                     
Error code: 8. 
                                     
Error message: Accessing static property app\lib\Menu::$data as non static,  
                                     
in file: D:\OpenServer\domains\blog.mvc.com\app\lib\Menu.php, on line: 25 
                                     
<----------------------------------------------------------------------->
 2022-01-22 23-39-46 
                                     
Error code: 2. 
                                     
Error message: Undefined variable $menu,  
                                     
in file: D:\OpenServer\domains\blog.mvc.com\app\view\layouts\default.php, on line: 33 
                                     
<----------------------------------------------------------------------->
 2022-01-22 23-39-47 
                                     
Error code: 8. 
                                     
Error message: Accessing static property app\lib\Menu::$data as non static,  
                                     
in file: D:\OpenServer\domains\blog.mvc.com\app\lib\Menu.php, on line: 25 
                                     
<----------------------------------------------------------------------->
 2022-01-22 23-40-40 
                                     
Error code: 2. 
                                     
Error message: Undefined variable $menu,  
                                     
in file: D:\OpenServer\domains\blog.mvc.com\app\view\layouts\default.php, on line: 33 
                                     
<----------------------------------------------------------------------->
 2022-01-22 23-54-44 
                                     
Error code: 2. 
                                     
Error message: Undefined variable $category,  
                                     
in file: D:\OpenServer\domains\blog.mvc.com\app\lib\Menu.php, on line: 34 
                                     
<----------------------------------------------------------------------->
 2022-01-22 23-59-34 
                                     
Error code: 2. 
                                     
Error message: foreach() argument must be of type array|object, null given,  
                                     
in file: D:\OpenServer\domains\blog.mvc.com\app\lib\Menu.php, on line: 33 
                                     
<----------------------------------------------------------------------->
 2022-01-23 00-00-27 
                                     
Error code: 2. 
                                     
Error message: foreach() argument must be of type array|object, null given,  
                                     
in file: D:\OpenServer\domains\blog.mvc.com\app\lib\Menu.php, on line: 32 
                                     
<----------------------------------------------------------------------->
 2022-01-23 00-00-29 
                                     
Error code: 2. 
                                     
Error message: Undefined variable $menu,  
                                     
in file: D:\OpenServer\domains\blog.mvc.com\app\view\layouts\default.php, on line: 33 
                                     
<----------------------------------------------------------------------->
 2022-01-23 00-00-30 
                                     
Error code: 2. 
                                     
Error message: foreach() argument must be of type array|object, null given,  
                                     
in file: D:\OpenServer\domains\blog.mvc.com\app\lib\Menu.php, on line: 32 
                                     
<----------------------------------------------------------------------->
 2022-01-23 00-02-01 
                                     
Error code: 2. 
                                     
Error message: Undefined variable $menu,  
                                     
in file: D:\OpenServer\domains\blog.mvc.com\app\view\layouts\default.php, on line: 33 
                                     
<----------------------------------------------------------------------->
 2022-01-23 00-02-05 
                                     
Error code: 2. 
                                     
Error message: Undefined array key "title",  
                                     
in file: D:\OpenServer\domains\blog.mvc.com\app\lib\Menu.php, on line: 21 
                                     
<----------------------------------------------------------------------->
 2022-01-23 22-49-09 
                                     
Error code: Exception. 
                                     
Error message: Method not found,  
                                     
in file: D:\OpenServer\domains\blog.mvc.com\app\core\Router.php, on line: D:\OpenServer\domains\blog.mvc.com\app\core\Router.php 
                                     
<----------------------------------------------------------------------->
 2022-01-23 22-57-43 
                                     
Error code: 2. 
                                     
Error message: Undefined array key "id",  
                                     
in file: D:\OpenServer\domains\blog.mvc.com\app\view\widgets\menu.php, on line: 2 
                                     
<----------------------------------------------------------------------->
 2022-01-23 22-57-46 
                                     
Error code: 2. 
                                     
Error message: Undefined array key "id",  
                                     
in file: D:\OpenServer\domains\blog.mvc.com\app\view\widgets\menu.php, on line: 2 
                                     
<----------------------------------------------------------------------->
 2022-01-23 22-57-46 
                                     
Error code: 2. 
                                     
Error message: Undefined array key "id",  
                                     
in file: D:\OpenServer\domains\blog.mvc.com\app\view\widgets\menu.php, on line: 2 
                                     
<----------------------------------------------------------------------->
 2022-01-23 22-57-47 
                                     
Error code: 2. 
                                     
Error message: Undefined array key "id",  
                                     
in file: D:\OpenServer\domains\blog.mvc.com\app\view\widgets\menu.php, on line: 2 
                                     
<----------------------------------------------------------------------->
 2022-01-23 22-57-48 
                                     
Error code: 2. 
                                     
Error message: Undefined array key "id",  
                                     
in file: D:\OpenServer\domains\blog.mvc.com\app\view\widgets\menu.php, on line: 2 
                                     
<----------------------------------------------------------------------->
 2022-01-23 22-57-57 
                                     
Error code: 2. 
                                     
Error message: Undefined array key "id",  
                                     
in file: D:\OpenServer\domains\blog.mvc.com\app\view\widgets\menu.php, on line: 2 
                                     
<----------------------------------------------------------------------->
 2022-01-23 22-57-59 
                                     
Error code: 2. 
                                     
Error message: Undefined array key "id",  
                                     
in file: D:\OpenServer\domains\blog.mvc.com\app\view\widgets\menu.php, on line: 2 
                                     
<----------------------------------------------------------------------->
 2022-01-23 22-58-29 
                                     
Error code: 2. 
                                     
Error message: Undefined array key "id",  
                                     
in file: D:\OpenServer\domains\blog.mvc.com\app\view\widgets\menu.php, on line: 3 
                                     
<----------------------------------------------------------------------->
 2022-01-23 22-58-43 
                                     
Error code: 2. 
                                     
Error message: Undefined array key "id",  
                                     
in file: D:\OpenServer\domains\blog.mvc.com\app\view\widgets\menu.php, on line: 2 
                                     
<----------------------------------------------------------------------->
 2022-01-23 22-58-44 
                                     
Error code: 2. 
                                     
Error message: Undefined array key "id",  
                                     
in file: D:\OpenServer\domains\blog.mvc.com\app\view\widgets\menu.php, on line: 2 
                                     
<----------------------------------------------------------------------->
 2022-01-23 22-58-59 
                                     
Error code: 2. 
                                     
Error message: Undefined array key "id",  
                                     
in file: D:\OpenServer\domains\blog.mvc.com\app\view\widgets\menu.php, on line: 2 
                                     
<----------------------------------------------------------------------->
 2022-01-23 22-59-01 
                                     
Error code: 2. 
                                     
Error message: Undefined array key "id",  
                                     
in file: D:\OpenServer\domains\blog.mvc.com\app\view\widgets\menu.php, on line: 2 
                                     
<----------------------------------------------------------------------->
 2022-01-23 22-59-01 
                                     
Error code: 2. 
                                     
Error message: Undefined array key "id",  
                                     
in file: D:\OpenServer\domains\blog.mvc.com\app\view\widgets\menu.php, on line: 2 
                                     
<----------------------------------------------------------------------->
 2022-01-23 22-59-20 
                                     
Error code: 2. 
                                     
Error message: Undefined array key "id",  
                                     
in file: D:\OpenServer\domains\blog.mvc.com\app\view\widgets\menu.php, on line: 2 
                                     
<----------------------------------------------------------------------->
 2022-01-23 22-59-22 
                                     
Error code: 2. 
                                     
Error message: Undefined array key "id",  
                                     
in file: D:\OpenServer\domains\blog.mvc.com\app\view\widgets\menu.php, on line: 2 
                                     
<----------------------------------------------------------------------->
 2022-01-23 22-59-23 
                                     
Error code: 2. 
                                     
Error message: Undefined array key "id",  
                                     
in file: D:\OpenServer\domains\blog.mvc.com\app\view\widgets\menu.php, on line: 2 
                                     
<----------------------------------------------------------------------->
 2022-01-23 22-59-23 
                                     
Error code: 2. 
                                     
Error message: Undefined array key "id",  
                                     
in file: D:\OpenServer\domains\blog.mvc.com\app\view\widgets\menu.php, on line: 2 
                                     
<----------------------------------------------------------------------->
 2022-01-23 22-59-23 
                                     
Error code: 2. 
                                     
Error message: Undefined array key "id",  
                                     
in file: D:\OpenServer\domains\blog.mvc.com\app\view\widgets\menu.php, on line: 2 
                                     
<----------------------------------------------------------------------->
 2022-01-23 22-59-23 
                                     
Error code: 2. 
                                     
Error message: Undefined array key "id",  
                                     
in file: D:\OpenServer\domains\blog.mvc.com\app\view\widgets\menu.php, on line: 2 
                                     
<----------------------------------------------------------------------->
 2022-01-23 22-59-23 
                                     
Error code: 2. 
                                     
Error message: Undefined array key "id",  
                                     
in file: D:\OpenServer\domains\blog.mvc.com\app\view\widgets\menu.php, on line: 2 
                                     
<----------------------------------------------------------------------->
 2022-01-23 22-59-23 
                                     
Error code: 2. 
                                     
Error message: Undefined array key "id",  
                                     
in file: D:\OpenServer\domains\blog.mvc.com\app\view\widgets\menu.php, on line: 2 
                                     
<----------------------------------------------------------------------->
 2022-01-23 22-59-24 
                                     
Error code: 2. 
                                     
Error message: Undefined array key "id",  
                                     
in file: D:\OpenServer\domains\blog.mvc.com\app\view\widgets\menu.php, on line: 2 
                                     
<----------------------------------------------------------------------->
 2022-01-23 22-59-26 
                                     
Error code: 2. 
                                     
Error message: Undefined array key "id",  
                                     
in file: D:\OpenServer\domains\blog.mvc.com\app\view\widgets\menu.php, on line: 2 
                                     
<----------------------------------------------------------------------->
 2022-01-23 23-00-03 
                                     
Error code: 2. 
                                     
Error message: Undefined array key "id",  
                                     
in file: D:\OpenServer\domains\blog.mvc.com\app\view\widgets\menu.php, on line: 2 
                                     
<----------------------------------------------------------------------->
 2022-01-23 23-00-59 
                                     
Error code: 2. 
                                     
Error message: Undefined array key "id",  
                                     
in file: D:\OpenServer\domains\blog.mvc.com\app\view\widgets\menu.php, on line: 2 
                                     
<----------------------------------------------------------------------->
 2022-01-23 23-01-55 
                                     
Error code: 2. 
                                     
Error message: Undefined array key "id",  
                                     
in file: D:\OpenServer\domains\blog.mvc.com\app\view\widgets\menu.php, on line: 2 
                                     
<----------------------------------------------------------------------->
 2022-01-23 23-02-55 
                                     
Error code: 2. 
                                     
Error message: Undefined array key "id",  
                                     
in file: D:\OpenServer\domains\blog.mvc.com\app\view\widgets\menu.php, on line: 2 
                                     
<----------------------------------------------------------------------->
 2022-01-23 23-02-56 
                                     
Error code: 2. 
                                     
Error message: Undefined array key "id",  
                                     
in file: D:\OpenServer\domains\blog.mvc.com\app\view\widgets\menu.php, on line: 2 
                                     
<----------------------------------------------------------------------->
 2022-01-23 23-02-56 
                                     
Error code: 2. 
                                     
Error message: Undefined array key "id",  
                                     
in file: D:\OpenServer\domains\blog.mvc.com\app\view\widgets\menu.php, on line: 2 
                                     
<----------------------------------------------------------------------->
 2022-01-23 23-02-56 
                                     
Error code: 2. 
                                     
Error message: Undefined array key "id",  
                                     
in file: D:\OpenServer\domains\blog.mvc.com\app\view\widgets\menu.php, on line: 2 
                                     
<----------------------------------------------------------------------->
 2022-01-23 23-03-26 
                                     
Error code: 2. 
                                     
Error message: Undefined array key "id",  
                                     
in file: D:\OpenServer\domains\blog.mvc.com\app\view\widgets\menu.php, on line: 2 
                                     
<----------------------------------------------------------------------->
 2022-01-23 23-03-28 
                                     
Error code: 2. 
                                     
Error message: Undefined array key "id",  
                                     
in file: D:\OpenServer\domains\blog.mvc.com\app\view\widgets\menu.php, on line: 2 
                                     
<----------------------------------------------------------------------->
 2022-01-23 23-07-31 
                                     
Error code: 1. 
                                     
Error message: Uncaught TypeError: app\core\ErrorHelper::exceptionHandler(): Argument #1 ($e) must be of type Exception, ArgumentCountError given in D:\OpenServer\domains\blog.mvc.com\app\core\ErrorHelper.php:39
Stack trace:
#0 [internal function]: app\core\ErrorHelper->exceptionHandler()
#1 {main}
  thrown,  
                                     
in file: D:\OpenServer\domains\blog.mvc.com\app\core\ErrorHelper.php, on line: 39 
                                     
<----------------------------------------------------------------------->
 2022-01-23 23-07-32 
                                     
Error code: 1. 
                                     
Error message: Uncaught TypeError: app\core\ErrorHelper::exceptionHandler(): Argument #1 ($e) must be of type Exception, ArgumentCountError given in D:\OpenServer\domains\blog.mvc.com\app\core\ErrorHelper.php:39
Stack trace:
#0 [internal function]: app\core\ErrorHelper->exceptionHandler()
#1 {main}
  thrown,  
                                     
in file: D:\OpenServer\domains\blog.mvc.com\app\core\ErrorHelper.php, on line: 39 
                                     
<----------------------------------------------------------------------->
 2022-01-23 23-07-36 
                                     
Error code: 1. 
                                     
Error message: Uncaught TypeError: app\core\ErrorHelper::exceptionHandler(): Argument #1 ($e) must be of type Exception, ArgumentCountError given in D:\OpenServer\domains\blog.mvc.com\app\core\ErrorHelper.php:39
Stack trace:
#0 [internal function]: app\core\ErrorHelper->exceptionHandler()
#1 {main}
  thrown,  
                                     
in file: D:\OpenServer\domains\blog.mvc.com\app\core\ErrorHelper.php, on line: 39 
                                     
<----------------------------------------------------------------------->
 2022-01-23 23-11-00 
                                     
Error code: 1. 
                                     
Error message: Uncaught TypeError: app\core\ErrorHelper::exceptionHandler(): Argument #1 ($e) must be of type Exception, ArgumentCountError given in D:\OpenServer\domains\blog.mvc.com\app\core\ErrorHelper.php:39
Stack trace:
#0 [internal function]: app\core\ErrorHelper->exceptionHandler()
#1 {main}
  thrown,  
                                     
in file: D:\OpenServer\domains\blog.mvc.com\app\core\ErrorHelper.php, on line: 39 
                                     
<----------------------------------------------------------------------->
 2022-01-23 23-11-01 
                                     
Error code: 1. 
                                     
Error message: Uncaught TypeError: app\core\ErrorHelper::exceptionHandler(): Argument #1 ($e) must be of type Exception, ArgumentCountError given in D:\OpenServer\domains\blog.mvc.com\app\core\ErrorHelper.php:39
Stack trace:
#0 [internal function]: app\core\ErrorHelper->exceptionHandler()
#1 {main}
  thrown,  
                                     
in file: D:\OpenServer\domains\blog.mvc.com\app\core\ErrorHelper.php, on line: 39 
                                     
<----------------------------------------------------------------------->
 2022-01-23 23-11-09 
                                     
Error code: 1. 
                                     
Error message: Uncaught TypeError: app\core\ErrorHelper::exceptionHandler(): Argument #1 ($e) must be of type Exception, ArgumentCountError given in D:\OpenServer\domains\blog.mvc.com\app\core\ErrorHelper.php:39
Stack trace:
#0 [internal function]: app\core\ErrorHelper->exceptionHandler()
#1 {main}
  thrown,  
                                     
in file: D:\OpenServer\domains\blog.mvc.com\app\core\ErrorHelper.php, on line: 39 
                                     
<----------------------------------------------------------------------->
 2022-01-23 23-20-14 
                                     
Error code: 2. 
                                     
Error message: Undefined array key "id",  
                                     
in file: D:\OpenServer\domains\blog.mvc.com\app\view\widgets\menu.php, on line: 2 
                                     
<----------------------------------------------------------------------->
 2022-01-23 23-20-15 
                                     
Error code: 2. 
                                     
Error message: Undefined array key "id",  
                                     
in file: D:\OpenServer\domains\blog.mvc.com\app\view\widgets\menu.php, on line: 2 
                                     
<----------------------------------------------------------------------->
 2022-01-23 23-20-59 
                                     
Error code: 2. 
                                     
Error message: Undefined array key "id",  
                                     
in file: D:\OpenServer\domains\blog.mvc.com\app\view\widgets\menu.php, on line: 2 
                                     
<----------------------------------------------------------------------->
 2022-01-23 23-20-59 
                                     
Error code: 2. 
                                     
Error message: Undefined array key "id",  
                                     
in file: D:\OpenServer\domains\blog.mvc.com\app\view\widgets\menu.php, on line: 2 
                                     
<----------------------------------------------------------------------->
 2022-01-23 23-21-44 
                                     
Error code: 2. 
                                     
Error message: Undefined array key "id",  
                                     
in file: D:\OpenServer\domains\blog.mvc.com\app\view\widgets\menu.php, on line: 2 
                                     
<----------------------------------------------------------------------->
 2022-01-23 23-21-45 
                                     
Error code: 2. 
                                     
Error message: Undefined array key "id",  
                                     
in file: D:\OpenServer\domains\blog.mvc.com\app\view\widgets\menu.php, on line: 2 
                                     
<----------------------------------------------------------------------->
 2022-01-23 23-21-58 
                                     
Error code: 2. 
                                     
Error message: Undefined array key "id",  
                                     
in file: D:\OpenServer\domains\blog.mvc.com\app\view\widgets\menu.php, on line: 2 
                                     
<----------------------------------------------------------------------->
 2022-01-23 23-22-25 
                                     
Error code: 2. 
                                     
Error message: Undefined array key "id",  
                                     
in file: D:\OpenServer\domains\blog.mvc.com\app\view\widgets\menu.php, on line: 2 
                                     
<----------------------------------------------------------------------->
 2022-01-23 23-22-27 
                                     
Error code: 2. 
                                     
Error message: Undefined array key "id",  
                                     
in file: D:\OpenServer\domains\blog.mvc.com\app\view\widgets\menu.php, on line: 2 
                                     
<----------------------------------------------------------------------->
 2022-01-23 23-22-28 
                                     
Error code: 2. 
                                     
Error message: Undefined array key "id",  
                                     
in file: D:\OpenServer\domains\blog.mvc.com\app\view\widgets\menu.php, on line: 2 
                                     
<----------------------------------------------------------------------->
 2022-01-23 23-22-28 
                                     
Error code: 2. 
                                     
Error message: Undefined array key "id",  
                                     
in file: D:\OpenServer\domains\blog.mvc.com\app\view\widgets\menu.php, on line: 2 
                                     
<----------------------------------------------------------------------->
 2022-01-23 23-22-28 
                                     
Error code: 2. 
                                     
Error message: Undefined array key "id",  
                                     
in file: D:\OpenServer\domains\blog.mvc.com\app\view\widgets\menu.php, on line: 2 
                                     
<----------------------------------------------------------------------->
 2022-01-23 23-22-29 
                                     
Error code: 2. 
                                     
Error message: Undefined array key "id",  
                                     
in file: D:\OpenServer\domains\blog.mvc.com\app\view\widgets\menu.php, on line: 2 
                                     
<----------------------------------------------------------------------->
 2022-01-23 23-22-30 
                                     
Error code: 2. 
                                     
Error message: Undefined array key "id",  
                                     
in file: D:\OpenServer\domains\blog.mvc.com\app\view\widgets\menu.php, on line: 2 
                                     
<----------------------------------------------------------------------->
 2022-01-23 23-22-30 
                                     
Error code: 2. 
                                     
Error message: Undefined array key "id",  
                                     
in file: D:\OpenServer\domains\blog.mvc.com\app\view\widgets\menu.php, on line: 2 
                                     
<----------------------------------------------------------------------->
 2022-01-23 23-25-44 
                                     
Error code: 2. 
                                     
Error message: Undefined array key "id",  
                                     
in file: D:\OpenServer\domains\blog.mvc.com\app\view\widgets\menu.php, on line: 7 
                                     
<----------------------------------------------------------------------->
 2022-01-23 23-25-45 
                                     
Error code: 2. 
                                     
Error message: Undefined array key "id",  
                                     
in file: D:\OpenServer\domains\blog.mvc.com\app\view\widgets\menu.php, on line: 7 
                                     
<----------------------------------------------------------------------->
 2022-01-23 23-26-43 
                                     
Error code: 2. 
                                     
Error message: Undefined array key "id",  
                                     
in file: D:\OpenServer\domains\blog.mvc.com\app\view\widgets\menu.php, on line: 6 
                                     
<----------------------------------------------------------------------->
 2022-01-23 23-26-49 
                                     
Error code: 2. 
                                     
Error message: Undefined array key "id",  
                                     
in file: D:\OpenServer\domains\blog.mvc.com\app\view\widgets\menu.php, on line: 6 
                                     
<----------------------------------------------------------------------->
 2022-01-23 23-26-50 
                                     
Error code: 2. 
                                     
Error message: Undefined array key "id",  
                                     
in file: D:\OpenServer\domains\blog.mvc.com\app\view\widgets\menu.php, on line: 6 
                                     
<----------------------------------------------------------------------->
 2022-01-23 23-26-50 
                                     
Error code: 2. 
                                     
Error message: Undefined array key "id",  
                                     
in file: D:\OpenServer\domains\blog.mvc.com\app\view\widgets\menu.php, on line: 6 
                                     
<----------------------------------------------------------------------->
 2022-01-23 23-27-39 
                                     
Error code: 2. 
                                     
Error message: Undefined array key "id",  
                                     
in file: D:\OpenServer\domains\blog.mvc.com\app\view\widgets\menu.php, on line: 6 
                                     
<----------------------------------------------------------------------->
 2022-01-23 23-28-48 
                                     
Error code: 2. 
                                     
Error message: Undefined array key "id",  
                                     
in file: D:\OpenServer\domains\blog.mvc.com\app\view\widgets\menu.php, on line: 2 
                                     
<----------------------------------------------------------------------->
 2022-01-23 23-29-00 
                                     
Error code: 2. 
                                     
Error message: Undefined array key "id",  
                                     
in file: D:\OpenServer\domains\blog.mvc.com\app\view\widgets\menu.php, on line: 6 
                                     
<----------------------------------------------------------------------->
 2022-01-23 23-29-01 
                                     
Error code: 2. 
                                     
Error message: Undefined array key "id",  
                                     
in file: D:\OpenServer\domains\blog.mvc.com\app\view\widgets\menu.php, on line: 6 
                                     
<----------------------------------------------------------------------->
 2022-01-23 23-30-50 
                                     
Error code: 2. 
                                     
Error message: Undefined array key "id",  
                                     
in file: D:\OpenServer\domains\blog.mvc.com\app\view\widgets\menu.php, on line: 2 
                                     
<----------------------------------------------------------------------->
 2022-01-23 23-35-59 
                                     
Error code: 2. 
                                     
Error message: Undefined array key "id",  
                                     
in file: D:\OpenServer\domains\blog.mvc.com\app\view\widgets\menu.php, on line: 2 
                                     
<----------------------------------------------------------------------->
 2022-01-23 23-36-32 
                                     
Error code: 2. 
                                     
Error message: Undefined array key "id",  
                                     
in file: D:\OpenServer\domains\blog.mvc.com\app\view\widgets\menu.php, on line: 2 
                                     
<----------------------------------------------------------------------->
 2022-01-23 23-36-33 
                                     
Error code: 2. 
                                     
Error message: Undefined array key "id",  
                                     
in file: D:\OpenServer\domains\blog.mvc.com\app\view\widgets\menu.php, on line: 2 
                                     
<----------------------------------------------------------------------->
 2022-01-23 23-36-35 
                                     
Error code: 2. 
                                     
Error message: Undefined array key "id",  
                                     
in file: D:\OpenServer\domains\blog.mvc.com\app\view\widgets\menu.php, on line: 2 
                                     
<----------------------------------------------------------------------->
 2022-01-23 23-37-52 
                                     
Error code: 2. 
                                     
Error message: Undefined array key "id",  
                                     
in file: D:\OpenServer\domains\blog.mvc.com\app\view\widgets\menu.php, on line: 2 
                                     
<----------------------------------------------------------------------->
 2022-01-23 23-41-11 
                                     
Error code: 2. 
                                     
Error message: Array to string conversion,  
                                     
in file: D:\OpenServer\domains\blog.mvc.com\app\view\widgets\menu.php, on line: 2 
                                     
<----------------------------------------------------------------------->
 2022-01-23 23-41-12 
                                     
Error code: 2. 
                                     
Error message: Array to string conversion,  
                                     
in file: D:\OpenServer\domains\blog.mvc.com\app\view\widgets\menu.php, on line: 2 
                                     
<----------------------------------------------------------------------->
 2022-01-23 23-41-14 
                                     
Error code: 2. 
                                     
Error message: Array to string conversion,  
                                     
in file: D:\OpenServer\domains\blog.mvc.com\app\view\widgets\menu.php, on line: 2 
                                     
<----------------------------------------------------------------------->
 2022-01-23 23-41-14 
                                     
Error code: 2. 
                                     
Error message: Array to string conversion,  
                                     
in file: D:\OpenServer\domains\blog.mvc.com\app\view\widgets\menu.php, on line: 2 
                                     
<----------------------------------------------------------------------->
 2022-01-23 23-41-17 
                                     
Error code: 2. 
                                     
Error message: Array to string conversion,  
                                     
in file: D:\OpenServer\domains\blog.mvc.com\app\view\widgets\menu.php, on line: 2 
                                     
<----------------------------------------------------------------------->
 2022-01-23 23-41-39 
                                     
Error code: 2. 
                                     
Error message: Array to string conversion,  
                                     
in file: D:\OpenServer\domains\blog.mvc.com\app\view\widgets\menu.php, on line: 2 
                                     
<----------------------------------------------------------------------->
 2022-01-23 23-42-11 
                                     
Error code: 2. 
                                     
Error message: Array to string conversion,  
                                     
in file: D:\OpenServer\domains\blog.mvc.com\app\view\widgets\menu.php, on line: 2 
                                     
<----------------------------------------------------------------------->
 2022-01-23 23-42-11 
                                     
Error code: 2. 
                                     
Error message: Array to string conversion,  
                                     
in file: D:\OpenServer\domains\blog.mvc.com\app\view\widgets\menu.php, on line: 2 
                                     
<----------------------------------------------------------------------->
 2022-01-23 23-42-12 
                                     
Error code: 2. 
                                     
Error message: Array to string conversion,  
                                     
in file: D:\OpenServer\domains\blog.mvc.com\app\view\widgets\menu.php, on line: 2 
                                     
<----------------------------------------------------------------------->
 2022-01-23 23-42-12 
                                     
Error code: 2. 
                                     
Error message: Array to string conversion,  
                                     
in file: D:\OpenServer\domains\blog.mvc.com\app\view\widgets\menu.php, on line: 2 
                                     
<----------------------------------------------------------------------->
 2022-01-23 23-42-12 
                                     
Error code: 2. 
                                     
Error message: Array to string conversion,  
                                     
in file: D:\OpenServer\domains\blog.mvc.com\app\view\widgets\menu.php, on line: 2 
                                     
<----------------------------------------------------------------------->
 2022-01-23 23-42-12 
                                     
Error code: 2. 
                                     
Error message: Array to string conversion,  
                                     
in file: D:\OpenServer\domains\blog.mvc.com\app\view\widgets\menu.php, on line: 2 
                                     
<----------------------------------------------------------------------->
 2022-01-26 23-25-45 
                                     
Error code: 2. 
                                     
Error message: foreach() argument must be of type array|object, string given,  
                                     
in file: D:\OpenServer\domains\phpblog.com\app\view\layouts\default.php, on line: 49 
                                     
<----------------------------------------------------------------------->
 2022-01-26 23-35-39 
                                     
Error code: 2. 
                                     
Error message: foreach() argument must be of type array|object, string given,  
                                     
in file: D:\OpenServer\domains\phpblog.com\app\view\layouts\default.php, on line: 49 
                                     
<----------------------------------------------------------------------->
 2022-01-26 23-39-14 
                                     
Error code: 2. 
                                     
Error message: Array to string conversion,  
                                     
in file: D:\OpenServer\domains\phpblog.com\app\view\layouts\default.php, on line: 50 
                                     
<----------------------------------------------------------------------->
 2022-01-26 23-39-14 
                                     
Error code: 2. 
                                     
Error message: Array to string conversion,  
                                     
in file: D:\OpenServer\domains\phpblog.com\app\view\layouts\default.php, on line: 50 
                                     
<----------------------------------------------------------------------->
